<?xml version="1.0" encoding="UTF-8"?>
<coverage generated="1739377460904" clover="3.2.0">
  <project timestamp="1739377460904" name="All files">
    <metrics statements="69" coveredstatements="65" conditionals="32" coveredconditionals="23" methods="20" coveredmethods="18" elements="121" coveredelements="106" complexity="0" loc="69" ncloc="69" packages="1" files="2" classes="2"/>
    <file name="templayed.ts" path="/Users/enriquebos/Projects/betty-blocks-functions/src/utils/templayed.ts">
      <metrics statements="22" coveredstatements="18" conditionals="7" coveredconditionals="3" methods="7" coveredmethods="5"/>
      <line num="11" count="1" type="stmt"/>
      <line num="12" count="17" type="stmt"/>
      <line num="14" count="17" type="stmt"/>
      <line num="15" count="20" type="stmt"/>
      <line num="16" count="20" type="stmt"/>
      <line num="17" count="0" type="stmt"/>
      <line num="18" count="0" type="stmt"/>
      <line num="20" count="20" type="stmt"/>
      <line num="21" count="20" type="cond" truecount="1" falsecount="1"/>
      <line num="22" count="20" type="stmt"/>
      <line num="23" count="20" type="stmt"/>
      <line num="25" count="20" type="stmt"/>
      <line num="28" count="17" type="stmt"/>
      <line num="29" count="17" type="stmt"/>
      <line num="32" count="20" type="cond" truecount="0" falsecount="1"/>
      <line num="33" count="20" type="stmt"/>
      <line num="34" count="20" type="stmt"/>
      <line num="47" count="17" type="stmt"/>
      <line num="48" count="17" type="stmt"/>
      <line num="52" count="0" type="stmt"/>
      <line num="53" count="0" type="stmt"/>
      <line num="67" count="17" type="stmt"/>
    </file>
    <file name="utilityFuncs.ts" path="/Users/enriquebos/Projects/betty-blocks-functions/src/utils/utilityFuncs.ts">
      <metrics statements="47" coveredstatements="47" conditionals="25" coveredconditionals="20" methods="13" coveredmethods="13"/>
      <line num="1" count="2" type="stmt"/>
      <line num="5" count="7" type="cond" truecount="3" falsecount="0"/>
      <line num="6" count="2" type="stmt"/>
      <line num="9" count="5" type="stmt"/>
      <line num="10" count="8" type="stmt"/>
      <line num="14" count="2" type="stmt"/>
      <line num="17" count="29" type="stmt"/>
      <line num="20" count="2" type="stmt"/>
      <line num="24" count="7" type="stmt"/>
      <line num="25" count="9" type="stmt"/>
      <line num="27" count="7" type="stmt"/>
      <line num="28" count="10" type="cond" truecount="2" falsecount="0"/>
      <line num="29" count="8" type="stmt"/>
      <line num="31" count="2" type="stmt"/>
      <line num="32" count="2" type="stmt"/>
      <line num="37" count="2" type="cond" truecount="1" falsecount="0"/>
      <line num="38" count="11" type="cond" truecount="1" falsecount="0"/>
      <line num="39" count="1" type="stmt"/>
      <line num="42" count="10" type="stmt"/>
      <line num="43" count="10" type="stmt"/>
      <line num="44" count="10" type="stmt"/>
      <line num="45" count="10" type="stmt"/>
      <line num="46" count="10" type="stmt"/>
      <line num="47" count="10" type="stmt"/>
      <line num="48" count="10" type="stmt"/>
      <line num="49" count="10" type="stmt"/>
      <line num="50" count="10" type="stmt"/>
      <line num="59" count="10" type="stmt"/>
      <line num="73" count="10" type="stmt"/>
      <line num="74" count="10" type="stmt"/>
      <line num="75" count="18" type="cond" truecount="2" falsecount="1"/>
      <line num="76" count="10" type="stmt"/>
      <line num="77" count="54" type="stmt"/>
      <line num="78" count="54" type="stmt"/>
      <line num="79" count="54" type="stmt"/>
      <line num="81" count="10" type="stmt"/>
      <line num="82" count="144" type="stmt"/>
      <line num="84" count="10" type="stmt"/>
      <line num="85" count="18" type="stmt"/>
      <line num="117" count="18" type="stmt"/>
      <line num="118" count="18" type="stmt"/>
      <line num="119" count="18" type="stmt"/>
      <line num="120" count="18" type="stmt"/>
      <line num="122" count="18" type="cond" truecount="1" falsecount="0"/>
      <line num="123" count="18" type="stmt"/>
      <line num="126" count="18" type="stmt"/>
      <line num="142" count="126" type="stmt"/>
    </file>
  </project>
</coverage>
