{"/Users/enriquebos/Projects/betty-blocks-functions/src/utils/templayed.ts": {"path":"/Users/enriquebos/Projects/betty-blocks-functions/src/utils/templayed.ts","statementMap":{"0":{"start":{"line":11,"column":0},"end":{"line":72,"column":2}},"1":{"start":{"line":12,"column":20},"end":{"line":12,"column":21}},"2":{"start":{"line":14,"column":14},"end":{"line":26,"column":3}},"3":{"start":{"line":15,"column":20},"end":{"line":15,"column":21}},"4":{"start":{"line":16,"column":4},"end":{"line":19,"column":7}},"5":{"start":{"line":17,"column":6},"end":{"line":17,"column":10}},"6":{"start":{"line":18,"column":6},"end":{"line":18,"column":16}},"7":{"start":{"line":20,"column":25},"end":{"line":20,"column":53}},"8":{"start":{"line":21,"column":27},"end":{"line":21,"column":62}},"9":{"start":{"line":22,"column":4},"end":{"line":24,"column":5}},"10":{"start":{"line":22,"column":17},"end":{"line":22,"column":18}},"11":{"start":{"line":23,"column":6},"end":{"line":23,"column":29}},"12":{"start":{"line":25,"column":4},"end":{"line":25,"column":23}},"13":{"start":{"line":28,"column":14},"end":{"line":45,"column":3}},"14":{"start":{"line":29,"column":4},"end":{"line":44,"column":6}},"15":{"start":{"line":32,"column":8},"end":{"line":32,"column":40}},"16":{"start":{"line":32,"column":30},"end":{"line":32,"column":40}},"17":{"start":{"line":33,"column":24},"end":{"line":33,"column":29}},"18":{"start":{"line":34,"column":8},"end":{"line":42,"column":10}},"19":{"start":{"line":47,"column":16},"end":{"line":65,"column":3}},"20":{"start":{"line":48,"column":4},"end":{"line":64,"column":6}},"21":{"start":{"line":52,"column":26},"end":{"line":52,"column":31}},"22":{"start":{"line":53,"column":10},"end":{"line":61,"column":12}},"23":{"start":{"line":67,"column":2},"end":{"line":71,"column":29}}},"fnMap":{"0":{"name":"(anonymous_0)","decl":{"start":{"line":11,"column":15},"end":{"line":11,"column":16}},"loc":{"start":{"line":11,"column":61},"end":{"line":72,"column":1}}},"1":{"name":"(anonymous_1)","decl":{"start":{"line":14,"column":14},"end":{"line":14,"column":15}},"loc":{"start":{"line":14,"column":39},"end":{"line":26,"column":3}}},"2":{"name":"(anonymous_2)","decl":{"start":{"line":16,"column":36},"end":{"line":16,"column":39}},"loc":{"start":{"line":16,"column":41},"end":{"line":19,"column":5}}},"3":{"name":"(anonymous_3)","decl":{"start":{"line":28,"column":14},"end":{"line":28,"column":15}},"loc":{"start":{"line":28,"column":43},"end":{"line":45,"column":3}}},"4":{"name":"(anonymous_4)","decl":{"start":{"line":31,"column":6},"end":{"line":31,"column":7}},"loc":{"start":{"line":31,"column":31},"end":{"line":43,"column":7}}},"5":{"name":"(anonymous_5)","decl":{"start":{"line":47,"column":16},"end":{"line":47,"column":17}},"loc":{"start":{"line":47,"column":45},"end":{"line":65,"column":3}}},"6":{"name":"(anonymous_6)","decl":{"start":{"line":51,"column":8},"end":{"line":51,"column":9}},"loc":{"start":{"line":51,"column":38},"end":{"line":62,"column":9}}}},"branchMap":{"0":{"loc":{"start":{"line":21,"column":27},"end":{"line":21,"column":62}},"type":"cond-expr","locations":[{"start":{"line":21,"column":42},"end":{"line":21,"column":44}},{"start":{"line":21,"column":47},"end":{"line":21,"column":62}}]},"1":{"loc":{"start":{"line":32,"column":8},"end":{"line":32,"column":40}},"type":"if","locations":[{"start":{"line":32,"column":8},"end":{"line":32,"column":40}}]},"2":{"loc":{"start":{"line":38,"column":11},"end":{"line":40,"column":141}},"type":"cond-expr","locations":[{"start":{"line":39,"column":14},"end":{"line":39,"column":21}},{"start":{"line":40,"column":14},"end":{"line":40,"column":141}}]},"3":{"loc":{"start":{"line":57,"column":13},"end":{"line":59,"column":225}},"type":"cond-expr","locations":[{"start":{"line":58,"column":16},"end":{"line":58,"column":103}},{"start":{"line":59,"column":16},"end":{"line":59,"column":225}}]}},"s":{"0":1,"1":17,"2":17,"3":20,"4":20,"5":0,"6":0,"7":20,"8":20,"9":20,"10":20,"11":20,"12":20,"13":17,"14":17,"15":20,"16":0,"17":20,"18":20,"19":17,"20":17,"21":0,"22":0,"23":17},"f":{"0":17,"1":20,"2":0,"3":17,"4":20,"5":17,"6":0},"b":{"0":[0,20],"1":[0],"2":[17,3],"3":[0,0]}}
,"/Users/enriquebos/Projects/betty-blocks-functions/src/utils/utilityFuncs.ts": {"path":"/Users/enriquebos/Projects/betty-blocks-functions/src/utils/utilityFuncs.ts","statementMap":{"0":{"start":{"line":1,"column":0},"end":{"line":1,"column":15}},"1":{"start":{"line":14,"column":0},"end":{"line":14,"column":16}},"2":{"start":{"line":20,"column":0},"end":{"line":20,"column":16}},"3":{"start":{"line":37,"column":0},"end":{"line":37,"column":16}},"4":{"start":{"line":5,"column":2},"end":{"line":7,"column":3}},"5":{"start":{"line":6,"column":4},"end":{"line":6,"column":65}},"6":{"start":{"line":9,"column":2},"end":{"line":11,"column":3}},"7":{"start":{"line":9,"column":15},"end":{"line":9,"column":16}},"8":{"start":{"line":10,"column":4},"end":{"line":10,"column":40}},"9":{"start":{"line":17,"column":2},"end":{"line":17,"column":77}},"10":{"start":{"line":17,"column":62},"end":{"line":17,"column":74}},"11":{"start":{"line":24,"column":16},"end":{"line":24,"column":46}},"12":{"start":{"line":25,"column":22},"end":{"line":25,"column":69}},"13":{"start":{"line":25,"column":51},"end":{"line":25,"column":67}},"14":{"start":{"line":27,"column":2},"end":{"line":34,"column":5}},"15":{"start":{"line":28,"column":4},"end":{"line":33,"column":5}},"16":{"start":{"line":29,"column":6},"end":{"line":29,"column":34}},"17":{"start":{"line":31,"column":6},"end":{"line":31,"column":65}},"18":{"start":{"line":32,"column":6},"end":{"line":32,"column":19}},"19":{"start":{"line":38,"column":2},"end":{"line":40,"column":3}},"20":{"start":{"line":39,"column":4},"end":{"line":39,"column":14}},"21":{"start":{"line":42,"column":15},"end":{"line":42,"column":31}},"22":{"start":{"line":43,"column":16},"end":{"line":43,"column":33}},"23":{"start":{"line":44,"column":17},"end":{"line":44,"column":35}},"24":{"start":{"line":45,"column":16},"end":{"line":45,"column":37}},"25":{"start":{"line":46,"column":16},"end":{"line":46,"column":34}},"26":{"start":{"line":47,"column":19},"end":{"line":47,"column":39}},"27":{"start":{"line":48,"column":19},"end":{"line":48,"column":39}},"28":{"start":{"line":49,"column":16},"end":{"line":49,"column":30}},"29":{"start":{"line":50,"column":16},"end":{"line":58,"column":4}},"30":{"start":{"line":59,"column":18},"end":{"line":72,"column":4}},"31":{"start":{"line":73,"column":20},"end":{"line":73,"column":75}},"32":{"start":{"line":74,"column":21},"end":{"line":75,"column":63}},"33":{"start":{"line":75,"column":4},"end":{"line":75,"column":63}},"34":{"start":{"line":76,"column":22},"end":{"line":80,"column":3}},"35":{"start":{"line":77,"column":19},"end":{"line":77,"column":33}},"36":{"start":{"line":78,"column":4},"end":{"line":78,"column":52}},"37":{"start":{"line":79,"column":4},"end":{"line":79,"column":18}},"38":{"start":{"line":81,"column":18},"end":{"line":82,"column":45}},"39":{"start":{"line":82,"column":4},"end":{"line":82,"column":45}},"40":{"start":{"line":84,"column":2},"end":{"line":145,"column":5}},"41":{"start":{"line":85,"column":4},"end":{"line":144,"column":6}},"42":{"start":{"line":117,"column":25},"end":{"line":117,"column":38}},"43":{"start":{"line":118,"column":26},"end":{"line":118,"column":42}},"44":{"start":{"line":119,"column":10},"end":{"line":119,"column":32}},"45":{"start":{"line":120,"column":24},"end":{"line":120,"column":39}},"46":{"start":{"line":122,"column":10},"end":{"line":124,"column":11}},"47":{"start":{"line":123,"column":12},"end":{"line":123,"column":58}},"48":{"start":{"line":126,"column":10},"end":{"line":129,"column":12}},"49":{"start":{"line":142,"column":27},"end":{"line":142,"column":56}}},"fnMap":{"0":{"name":"chunkArray","decl":{"start":{"line":1,"column":17},"end":{"line":1,"column":27}},"loc":{"start":{"line":3,"column":19},"end":{"line":12,"column":1}}},"1":{"name":"variableMap","decl":{"start":{"line":14,"column":16},"end":{"line":14,"column":27}},"loc":{"start":{"line":15,"column":45},"end":{"line":18,"column":1}}},"2":{"name":"(anonymous_2)","decl":{"start":{"line":17,"column":42},"end":{"line":17,"column":43}},"loc":{"start":{"line":17,"column":62},"end":{"line":17,"column":74}}},"3":{"name":"formatStringMap","decl":{"start":{"line":20,"column":16},"end":{"line":20,"column":31}},"loc":{"start":{"line":22,"column":45},"end":{"line":35,"column":1}}},"4":{"name":"(anonymous_4)","decl":{"start":{"line":25,"column":44},"end":{"line":25,"column":45}},"loc":{"start":{"line":25,"column":51},"end":{"line":25,"column":67}}},"5":{"name":"(anonymous_5)","decl":{"start":{"line":27,"column":29},"end":{"line":27,"column":30}},"loc":{"start":{"line":27,"column":53},"end":{"line":34,"column":3}}},"6":{"name":"strftime","decl":{"start":{"line":37,"column":16},"end":{"line":37,"column":24}},"loc":{"start":{"line":37,"column":65},"end":{"line":146,"column":1}}},"7":{"name":"(anonymous_7)","decl":{"start":{"line":74,"column":21},"end":{"line":74,"column":33}},"loc":{"start":{"line":75,"column":4},"end":{"line":75,"column":63}}},"8":{"name":"(anonymous_8)","decl":{"start":{"line":76,"column":22},"end":{"line":76,"column":31}},"loc":{"start":{"line":76,"column":33},"end":{"line":80,"column":3}}},"9":{"name":"(anonymous_9)","decl":{"start":{"line":81,"column":18},"end":{"line":81,"column":19}},"loc":{"start":{"line":82,"column":4},"end":{"line":82,"column":45}}},"10":{"name":"(anonymous_10)","decl":{"start":{"line":84,"column":40},"end":{"line":84,"column":41}},"loc":{"start":{"line":84,"column":67},"end":{"line":145,"column":3}}},"11":{"name":"(anonymous_11)","decl":{"start":{"line":116,"column":15},"end":{"line":116,"column":18}},"loc":{"start":{"line":116,"column":20},"end":{"line":130,"column":9}}},"12":{"name":"(anonymous_12)","decl":{"start":{"line":142,"column":16},"end":{"line":142,"column":17}},"loc":{"start":{"line":142,"column":27},"end":{"line":142,"column":56}}}},"branchMap":{"0":{"loc":{"start":{"line":5,"column":2},"end":{"line":7,"column":3}},"type":"if","locations":[{"start":{"line":5,"column":2},"end":{"line":7,"column":3}}]},"1":{"loc":{"start":{"line":5,"column":6},"end":{"line":5,"column":52}},"type":"binary-expr","locations":[{"start":{"line":5,"column":6},"end":{"line":5,"column":20}},{"start":{"line":5,"column":24},"end":{"line":5,"column":52}}]},"2":{"loc":{"start":{"line":28,"column":4},"end":{"line":33,"column":5}},"type":"if","locations":[{"start":{"line":28,"column":4},"end":{"line":33,"column":5}},{"start":{"line":30,"column":11},"end":{"line":33,"column":5}}]},"3":{"loc":{"start":{"line":37,"column":42},"end":{"line":37,"column":65}},"type":"default-arg","locations":[{"start":{"line":37,"column":55},"end":{"line":37,"column":65}}]},"4":{"loc":{"start":{"line":38,"column":2},"end":{"line":40,"column":3}},"type":"if","locations":[{"start":{"line":38,"column":2},"end":{"line":40,"column":3}}]},"5":{"loc":{"start":{"line":75,"column":4},"end":{"line":75,"column":63}},"type":"binary-expr","locations":[{"start":{"line":75,"column":5},"end":{"line":75,"column":20}},{"start":{"line":75,"column":24},"end":{"line":75,"column":41}},{"start":{"line":75,"column":46},"end":{"line":75,"column":63}}]},"6":{"loc":{"start":{"line":86,"column":6},"end":{"line":143,"column":37}},"type":"binary-expr","locations":[{"start":{"line":86,"column":6},"end":{"line":143,"column":27}},{"start":{"line":143,"column":31},"end":{"line":143,"column":37}}]},"7":{"loc":{"start":{"line":86,"column":7},"end":{"line":143,"column":21}},"type":"binary-expr","locations":[{"start":{"line":86,"column":7},"end":{"line":143,"column":15}},{"start":{"line":143,"column":19},"end":{"line":143,"column":21}}]},"8":{"loc":{"start":{"line":103,"column":39},"end":{"line":103,"column":73}},"type":"cond-expr","locations":[{"start":{"line":103,"column":68},"end":{"line":103,"column":69}},{"start":{"line":103,"column":72},"end":{"line":103,"column":73}}]},"9":{"loc":{"start":{"line":103,"column":39},"end":{"line":103,"column":65}},"type":"binary-expr","locations":[{"start":{"line":103,"column":39},"end":{"line":103,"column":49}},{"start":{"line":103,"column":53},"end":{"line":103,"column":65}}]},"10":{"loc":{"start":{"line":111,"column":14},"end":{"line":111,"column":38}},"type":"cond-expr","locations":[{"start":{"line":111,"column":27},"end":{"line":111,"column":31}},{"start":{"line":111,"column":34},"end":{"line":111,"column":38}}]},"11":{"loc":{"start":{"line":112,"column":14},"end":{"line":112,"column":38}},"type":"cond-expr","locations":[{"start":{"line":112,"column":27},"end":{"line":112,"column":31}},{"start":{"line":112,"column":34},"end":{"line":112,"column":38}}]},"12":{"loc":{"start":{"line":115,"column":14},"end":{"line":115,"column":23}},"type":"binary-expr","locations":[{"start":{"line":115,"column":14},"end":{"line":115,"column":18}},{"start":{"line":115,"column":22},"end":{"line":115,"column":23}}]},"13":{"loc":{"start":{"line":122,"column":10},"end":{"line":124,"column":11}},"type":"if","locations":[{"start":{"line":122,"column":10},"end":{"line":124,"column":11}}]}},"s":{"0":2,"1":2,"2":2,"3":2,"4":7,"5":2,"6":5,"7":5,"8":8,"9":22,"10":29,"11":7,"12":7,"13":9,"14":7,"15":10,"16":8,"17":2,"18":2,"19":11,"20":1,"21":10,"22":10,"23":10,"24":10,"25":10,"26":10,"27":10,"28":10,"29":10,"30":10,"31":10,"32":10,"33":18,"34":10,"35":54,"36":54,"37":54,"38":10,"39":144,"40":10,"41":18,"42":18,"43":18,"44":18,"45":18,"46":18,"47":18,"48":18,"49":126},"f":{"0":7,"1":22,"2":29,"3":7,"4":9,"5":10,"6":11,"7":18,"8":54,"9":144,"10":18,"11":18,"12":126},"b":{"0":[2],"1":[7,5],"2":[8,2],"3":[11],"4":[1],"5":[18,0,18],"6":[18,1],"7":[18,1],"8":[0,18],"9":[18,18],"10":[0,18],"11":[0,18],"12":[18,0],"13":[18]}}
}
