TN:
SF:src/utils/templayed.ts
FN:11,(anonymous_0)
FN:14,(anonymous_1)
FN:16,(anonymous_2)
FN:28,(anonymous_3)
FN:31,(anonymous_4)
FN:47,(anonymous_5)
FN:51,(anonymous_6)
FNF:7
FNH:5
FNDA:17,(anonymous_0)
FNDA:20,(anonymous_1)
FNDA:0,(anonymous_2)
FNDA:17,(anonymous_3)
FNDA:20,(anonymous_4)
FNDA:17,(anonymous_5)
FNDA:0,(anonymous_6)
DA:11,1
DA:12,17
DA:14,17
DA:15,20
DA:16,20
DA:17,0
DA:18,0
DA:20,20
DA:21,20
DA:22,20
DA:23,20
DA:25,20
DA:28,17
DA:29,17
DA:32,20
DA:33,20
DA:34,20
DA:47,17
DA:48,17
DA:52,0
DA:53,0
DA:67,17
LF:22
LH:18
BRDA:21,0,0,0
BRDA:21,0,1,20
BRDA:32,1,0,0
BRDA:38,2,0,17
BRDA:38,2,1,3
BRDA:57,3,0,0
BRDA:57,3,1,0
BRF:7
BRH:3
end_of_record
TN:
SF:src/utils/utilityFuncs.ts
FN:1,chunkArray
FN:14,variableMap
FN:17,(anonymous_2)
FN:20,formatStringMap
FN:25,(anonymous_4)
FN:27,(anonymous_5)
FN:37,strftime
FN:74,(anonymous_7)
FN:76,(anonymous_8)
FN:81,(anonymous_9)
FN:84,(anonymous_10)
FN:116,(anonymous_11)
FN:142,(anonymous_12)
FNF:13
FNH:13
FNDA:7,chunkArray
FNDA:22,variableMap
FNDA:29,(anonymous_2)
FNDA:7,formatStringMap
FNDA:9,(anonymous_4)
FNDA:10,(anonymous_5)
FNDA:11,strftime
FNDA:18,(anonymous_7)
FNDA:54,(anonymous_8)
FNDA:144,(anonymous_9)
FNDA:18,(anonymous_10)
FNDA:18,(anonymous_11)
FNDA:126,(anonymous_12)
DA:1,2
DA:5,7
DA:6,2
DA:9,5
DA:10,8
DA:14,2
DA:17,29
DA:20,2
DA:24,7
DA:25,9
DA:27,7
DA:28,10
DA:29,8
DA:31,2
DA:32,2
DA:37,2
DA:38,11
DA:39,1
DA:42,10
DA:43,10
DA:44,10
DA:45,10
DA:46,10
DA:47,10
DA:48,10
DA:49,10
DA:50,10
DA:59,10
DA:73,10
DA:74,10
DA:75,18
DA:76,10
DA:77,54
DA:78,54
DA:79,54
DA:81,10
DA:82,144
DA:84,10
DA:85,18
DA:117,18
DA:118,18
DA:119,18
DA:120,18
DA:122,18
DA:123,18
DA:126,18
DA:142,126
LF:47
LH:47
BRDA:5,0,0,2
BRDA:5,1,0,7
BRDA:5,1,1,5
BRDA:28,2,0,8
BRDA:28,2,1,2
BRDA:37,3,0,11
BRDA:38,4,0,1
BRDA:75,5,0,18
BRDA:75,5,1,0
BRDA:75,5,2,18
BRDA:86,6,0,18
BRDA:86,6,1,1
BRDA:86,7,0,18
BRDA:86,7,1,1
BRDA:103,8,0,0
BRDA:103,8,1,18
BRDA:103,9,0,18
BRDA:103,9,1,18
BRDA:111,10,0,0
BRDA:111,10,1,18
BRDA:112,11,0,0
BRDA:112,11,1,18
BRDA:115,12,0,18
BRDA:115,12,1,0
BRDA:122,13,0,18
BRF:25
BRH:20
end_of_record
